<?xml version="1.0" encoding="UTF-8"?>
<!-- Generated by org.testng.reporters.JUnitXMLReporter -->
<testsuite hostname="DESKTOP-O0HJJDF" ignored="0" name="checkBoxDemo_single" tests="2" failures="0" timestamp="23 Jan 2019 03:04:30 GMT" time="28.864" errors="0">
  <testcase name="checkBoxDemo_singles" time="1.671" classname="checkBoxDemo.TC003_checkBoxDemo_single"/>
  <testcase name="checkBoxDemo_multiBox" time="1.243" classname="checkBoxDemo.TC004_checkBoxDemo_multiBox"/>
</testsuite> <!-- checkBoxDemo_single -->
