<?xml version="1.0" encoding="UTF-8"?>
<testng-results skipped="0" failed="0" ignored="0" total="1" passed="1">
  <reporter-output>
  </reporter-output>
  <suite name="Default suite" duration-ms="35595" started-at="2018-09-28T00:05:30Z" finished-at="2018-09-28T00:06:06Z">
    <groups>
    </groups>
    <test name="Default test" duration-ms="35595" started-at="2018-09-28T00:05:30Z" finished-at="2018-09-28T00:06:06Z">
      <class name="bootStrapDatePicker.TC010_BoothDatePicker">
        <test-method status="PASS" signature="setUp()[pri:0, instance:bootStrapDatePicker.TC010_BoothDatePicker@39c0f4a]" name="setUp" is-config="true" duration-ms="16649" started-at="2018-09-28T00:05:30Z" finished-at="2018-09-28T00:05:47Z">
          <reporter-output>
          </reporter-output>
        </test-method> <!-- setUp -->
        <test-method status="PASS" signature="BoothDatePicker()[pri:0, instance:bootStrapDatePicker.TC010_BoothDatePicker@39c0f4a]" name="BoothDatePicker" duration-ms="16744" started-at="2018-09-28T00:05:47Z" finished-at="2018-09-28T00:06:03Z">
          <reporter-output>
          </reporter-output>
        </test-method> <!-- BoothDatePicker -->
        <test-method status="PASS" signature="endTest()[pri:0, instance:bootStrapDatePicker.TC010_BoothDatePicker@39c0f4a]" name="endTest" is-config="true" duration-ms="2162" started-at="2018-09-28T00:06:03Z" finished-at="2018-09-28T00:06:06Z">
          <reporter-output>
          </reporter-output>
        </test-method> <!-- endTest -->
      </class> <!-- bootStrapDatePicker.TC010_BoothDatePicker -->
    </test> <!-- Default test -->
  </suite> <!-- Default suite -->
</testng-results>
